# CNS AI Activity Log - 2026-03-09
**Generated by**: Ops Agent  
**Time**: 20:52 GMT

---

## Agent Status Changes

| Time | Event | Agent | Status |
|------|-------|-------|--------|
| 08:00 | PM Agent standup | pm-agent | ✓ Completed |
| 08:00 | Content Agent report | content-agent | ✓ Completed |
| 20:46 | Funnel Agent activation | funnel-agent | 🔄 STARTED |
| 20:46 | Ops Agent activation | ops-agent | 🔄 STARTED |
| 20:52 | Router command issued | router | ✓ ACKNOWLEDGED |

---

## Task Updates

| Task | Status | Agent | Notes |
|------|--------|-------|-------|
| TASK-006 | 🔄 In Progress | funnel-agent | First funnel report generating |
| TASK-007 | 🔄 In Progress | ops-agent | First health report generating |
| TASK-008 | 🔴 HIGH PRIORITY | tech-agent | Dashboard v2 build STARTED |
| PROJECT-001 | 📝 Todo | pm-agent | CNS AI Command Center created |

---

## System Health

- **Active Agents**: 6/6 (100%)
- **GitHub Repo**: ✅ Synced
- **Dashboard Server**: ✅ Running (localhost:9099)
- **Pending Tasks**: 4
- **In Progress**: 3

---

## Monitoring

Ops Agent now tracking:
- Dashboard updates
- Agent activity logs
- Task progress
- System costs

Next update: Continuous
